2025-05-17 07:35:38 info: Server running on port 3000
2025-05-17 07:35:40 info: GET /
2025-05-17 07:35:42 info: GET /
2025-05-17 07:35:43 info: GET /
2025-05-17 07:35:52 info: GET /
2025-05-17 07:36:00 info: GET /
2025-05-17 07:40:42 info: Server running on port 3000
2025-05-17 07:40:43 info: GET /
2025-05-17 07:40:43 info: GET /
2025-05-17 07:40:45 info: GET /
2025-05-17 07:40:57 info: GET /
2025-05-17 07:40:59 info: GET /
2025-05-17 07:46:43 info: Server running on port 3000
2025-05-17 07:47:13 error: MongoDB connection error: connect ECONNREFUSED ::1:27017, connect ECONNREFUSED 127.0.0.1:27017
MongooseServerSelectionError: connect ECONNREFUSED ::1:27017, connect ECONNREFUSED 127.0.0.1:27017
    at _handleConnectionErrors (C:\Users\edmond.gakuba\Downloads\project-bolt-sb1-ms4sgglo\project\node_modules\mongoose\lib\connection.js:1165:11)
    at NativeConnection.openUri (C:\Users\edmond.gakuba\Downloads\project-bolt-sb1-ms4sgglo\project\node_modules\mongoose\lib\connection.js:1096:11)
2025-05-17 07:54:29 info: Server running on port 3000
2025-05-17 07:54:30 info: Connected to MongoDB
2025-05-17 07:57:04 info: GET /health
2025-05-17 08:15:46 info: GET /api/complaints
2025-05-17 08:16:02 info: POST /api/complaints
2025-05-17 08:40:12 info: POST /api/users/register
2025-05-17 08:41:17 info: POST /api/complaints
2025-05-17 08:41:57 info: POST /api/complaints
2025-05-17 08:44:49 info: POST /api/complaints
2025-05-17 08:45:57 info: POST /api/complaints
2025-05-17 08:45:58 error: Error creating complaint: Complaint validation failed: ticketId: Path `ticketId` is required., category: `Infrastructure` is not a valid enum value for path `category`.
ValidationError: Complaint validation failed: ticketId: Path `ticketId` is required., category: `Infrastructure` is not a valid enum value for path `category`.
    at Document.invalidate (C:\Users\edmond.gakuba\Downloads\project-bolt-sb1-ms4sgglo\project\node_modules\mongoose\lib\document.js:3343:32)
    at C:\Users\edmond.gakuba\Downloads\project-bolt-sb1-ms4sgglo\project\node_modules\mongoose\lib\document.js:3104:17
    at C:\Users\edmond.gakuba\Downloads\project-bolt-sb1-ms4sgglo\project\node_modules\mongoose\lib\schemaType.js:1407:9
    at process.processTicksAndRejections (node:internal/process/task_queues:85:11)
2025-05-17 08:48:22 info: POST /api/complaints
2025-05-17 08:48:22 error: Error creating complaint: Complaint validation failed: ticketId: Path `ticketId` is required., category: `Roads` is not a valid enum value for path `category`.
ValidationError: Complaint validation failed: ticketId: Path `ticketId` is required., category: `Roads` is not a valid enum value for path `category`.
    at Document.invalidate (C:\Users\edmond.gakuba\Downloads\project-bolt-sb1-ms4sgglo\project\node_modules\mongoose\lib\document.js:3343:32)
    at C:\Users\edmond.gakuba\Downloads\project-bolt-sb1-ms4sgglo\project\node_modules\mongoose\lib\document.js:3104:17
    at C:\Users\edmond.gakuba\Downloads\project-bolt-sb1-ms4sgglo\project\node_modules\mongoose\lib\schemaType.js:1407:9
    at process.processTicksAndRejections (node:internal/process/task_queues:85:11)
2025-05-17 08:48:27 info: POST /api/complaints
2025-05-17 08:48:27 error: Error creating complaint: Complaint validation failed: ticketId: Path `ticketId` is required.
ValidationError: Complaint validation failed: ticketId: Path `ticketId` is required.
    at Document.invalidate (C:\Users\edmond.gakuba\Downloads\project-bolt-sb1-ms4sgglo\project\node_modules\mongoose\lib\document.js:3343:32)
    at C:\Users\edmond.gakuba\Downloads\project-bolt-sb1-ms4sgglo\project\node_modules\mongoose\lib\document.js:3104:17
    at C:\Users\edmond.gakuba\Downloads\project-bolt-sb1-ms4sgglo\project\node_modules\mongoose\lib\schemaType.js:1407:9
    at process.processTicksAndRejections (node:internal/process/task_queues:85:11)
2025-05-17 08:48:56 info: POST /api/complaints
2025-05-17 08:48:56 error: Error creating complaint: Complaint validation failed: ticketId: Path `ticketId` is required.
ValidationError: Complaint validation failed: ticketId: Path `ticketId` is required.
    at Document.invalidate (C:\Users\edmond.gakuba\Downloads\project-bolt-sb1-ms4sgglo\project\node_modules\mongoose\lib\document.js:3343:32)
    at C:\Users\edmond.gakuba\Downloads\project-bolt-sb1-ms4sgglo\project\node_modules\mongoose\lib\document.js:3104:17
    at C:\Users\edmond.gakuba\Downloads\project-bolt-sb1-ms4sgglo\project\node_modules\mongoose\lib\schemaType.js:1407:9
    at process.processTicksAndRejections (node:internal/process/task_queues:85:11)
2025-05-17 08:51:41 info: POST /api/complaints
2025-05-17 08:51:41 error: Error creating complaint: Complaint validation failed: ticketId: Path `ticketId` is required.
ValidationError: Complaint validation failed: ticketId: Path `ticketId` is required.
    at Document.invalidate (C:\Users\edmond.gakuba\Downloads\project-bolt-sb1-ms4sgglo\project\node_modules\mongoose\lib\document.js:3343:32)
    at C:\Users\edmond.gakuba\Downloads\project-bolt-sb1-ms4sgglo\project\node_modules\mongoose\lib\document.js:3104:17
    at C:\Users\edmond.gakuba\Downloads\project-bolt-sb1-ms4sgglo\project\node_modules\mongoose\lib\schemaType.js:1407:9
    at process.processTicksAndRejections (node:internal/process/task_queues:85:11)
2025-05-17 08:55:42 info: POST /api/complaints
2025-05-17 08:55:42 error: Error creating complaint: Complaint validation failed: ticketId: Path `ticketId` is required.
ValidationError: Complaint validation failed: ticketId: Path `ticketId` is required.
    at Document.invalidate (C:\Users\edmond.gakuba\Downloads\project-bolt-sb1-ms4sgglo\project\node_modules\mongoose\lib\document.js:3343:32)
    at C:\Users\edmond.gakuba\Downloads\project-bolt-sb1-ms4sgglo\project\node_modules\mongoose\lib\document.js:3104:17
    at C:\Users\edmond.gakuba\Downloads\project-bolt-sb1-ms4sgglo\project\node_modules\mongoose\lib\schemaType.js:1407:9
    at process.processTicksAndRejections (node:internal/process/task_queues:85:11)
2025-05-17 08:57:51 info: POST /api/complaints
2025-05-17 08:57:52 error: Error creating complaint: Complaint validation failed: ticketId: Path `ticketId` is required.
ValidationError: Complaint validation failed: ticketId: Path `ticketId` is required.
    at Document.invalidate (C:\Users\edmond.gakuba\Downloads\project-bolt-sb1-ms4sgglo\project\node_modules\mongoose\lib\document.js:3343:32)
    at C:\Users\edmond.gakuba\Downloads\project-bolt-sb1-ms4sgglo\project\node_modules\mongoose\lib\document.js:3104:17
    at C:\Users\edmond.gakuba\Downloads\project-bolt-sb1-ms4sgglo\project\node_modules\mongoose\lib\schemaType.js:1407:9
    at process.processTicksAndRejections (node:internal/process/task_queues:85:11)
2025-05-17 08:59:08 info: Server running on port 3000
2025-05-17 08:59:10 info: Connected to MongoDB
2025-05-17 08:59:40 info: POST /api/complaints
2025-05-17 09:00:43 info: Server running on port 3000
2025-05-17 09:00:44 info: Connected to MongoDB
2025-05-17 09:00:53 error: SyntaxError: Expected double-quoted property name in JSON at position 231 (line 7 column 3)
SyntaxError: Expected double-quoted property name in JSON at position 231 (line 7 column 3)
    at JSON.parse (<anonymous>)
    at parse (C:\Users\edmond.gakuba\Downloads\project-bolt-sb1-ms4sgglo\project\node_modules\body-parser\lib\types\json.js:92:19)
    at C:\Users\edmond.gakuba\Downloads\project-bolt-sb1-ms4sgglo\project\node_modules\body-parser\lib\read.js:128:18
    at AsyncResource.runInAsyncScope (node:async_hooks:211:14)
    at invokeCallback (C:\Users\edmond.gakuba\Downloads\project-bolt-sb1-ms4sgglo\project\node_modules\raw-body\index.js:238:16)
    at done (C:\Users\edmond.gakuba\Downloads\project-bolt-sb1-ms4sgglo\project\node_modules\raw-body\index.js:227:7)
    at IncomingMessage.onEnd (C:\Users\edmond.gakuba\Downloads\project-bolt-sb1-ms4sgglo\project\node_modules\raw-body\index.js:287:7)
    at IncomingMessage.emit (node:events:518:28)
    at endReadableNT (node:internal/streams/readable:1698:12)
    at process.processTicksAndRejections (node:internal/process/task_queues:90:21)
2025-05-17 09:01:02 info: POST /api/complaints
2025-05-17 12:33:02 info: POST /api/complaints
2025-05-17 12:44:28 info: GET /api/admin/complaints
2025-05-17 12:50:11 info: GET /api/users/login
2025-05-17 12:50:17 info: POST /api/users/login
2025-05-17 12:50:25 info: POST /api/users/login
2025-05-17 12:50:29 info: POST /api/users/login
2025-05-17 12:50:41 info: POST /api/users/login
2025-05-17 12:50:57 info: POST /api/users/login
2025-05-17 12:51:40 info: POST /api/users/regist
2025-05-17 12:51:48 info: POST /api/users/login
2025-05-17 15:33:47 info: Server running on port 3000
2025-05-17 15:33:49 info: Connected to MongoDB
2025-05-17 15:54:26 info: Server running on port 3000
2025-05-17 15:54:28 info: Connected to MongoDB
2025-05-17 15:58:35 info: POST /api/users/login
2025-05-17 15:58:41 info: POST /api/users/login
2025-05-17 15:58:46 info: POST /api/users/login
2025-05-17 15:58:54 info: POST /api/users/login
2025-05-17 15:58:58 info: POST /api/users/login
2025-05-17 16:00:11 info: GET /api/users/me
2025-05-17 16:01:09 info: Server running on port 3000
2025-05-17 16:01:10 info: Connected to MongoDB
2025-05-17 16:01:13 info: GET /api/complaints
2025-05-17 16:08:27 info: GET /api/complaints
2025-05-17 16:08:41 info: POST /api/users/login
2025-05-17 16:08:55 info: POST /api/users/register
2025-05-17 16:09:21 info: GET /api/complaints
2025-05-17 16:09:46 info: GET /api/admin/complaints
2025-05-17 16:10:27 info: POST /api/users/login
2025-05-17 16:10:50 info: GET /api/admin/complaints
2025-05-17 16:51:44 info: POST /api/users/login
2025-05-17 16:52:32 info: POST /api/users/register
2025-05-17 16:55:59 info: POST /api/users/login
2025-05-17 16:57:07 info: POST /api/users/login
2025-05-17 16:58:28 info: POST /api/users/login
2025-05-17 17:27:44 info: Server running on port 3000
2025-05-17 17:27:46 info: Connected to MongoDB
2025-05-17 17:27:56 info: Server running on port 3000
2025-05-17 17:27:57 info: Connected to MongoDB
2025-05-17 17:28:04 info: Server running on port 3000
2025-05-17 17:28:05 info: Connected to MongoDB
2025-05-17 17:29:33 info: Server running on port 3000
2025-05-17 17:29:34 info: Connected to MongoDB
2025-05-17 17:29:40 info: Server running on port 3000
2025-05-17 17:29:41 info: Connected to MongoDB
2025-05-17 17:29:50 info: Server running on port 3000
2025-05-17 17:29:51 info: Connected to MongoDB
2025-05-17 18:57:00 info: GET /
2025-05-18 08:02:09 info: Server running on port 3000
2025-05-18 08:02:10 info: Connected to MongoDB
2025-05-18 08:02:40 info: Server running on port 3000
2025-05-18 08:02:41 info: Connected to MongoDB
2025-05-18 08:12:50 info: Server running on port 3000
2025-05-18 08:12:51 info: Connected to MongoDB
2025-05-18 08:22:46 info: POST /api/complaints
2025-05-18 08:25:24 info: POST /api/users/login
2025-05-18 08:25:43 info: POST /api/users/login
2025-05-18 11:49:27 info: Server running on port 3000
2025-05-18 11:49:28 info: Connected to MongoDB
2025-05-18 11:57:43 info: POST /api/users/login
2025-05-18 11:57:48 info: POST /api/users/login
2025-05-18 11:58:38 info: POST /api/users/login
2025-05-18 12:32:33 info: Server running on port 3000
2025-05-18 12:32:34 info: Connected to MongoDB
2025-05-18 12:33:13 info: POST /api/users/login
2025-05-18 12:34:26 info: POST /api/users/login
2025-05-18 12:34:47 info: POST /api/complaints
2025-05-18 16:05:51 info: Server running on port 3000
2025-05-18 16:05:53 info: Connected to MongoDB
2025-05-18 16:13:54 info: POST /api/users/login
2025-05-18 16:14:01 info: POST /api/users/login
2025-05-18 16:20:06 info: POST /api/users/login
2025-05-18 16:20:21 info: POST /api/users/login
2025-05-18 16:21:21 info: POST /api/users/login
2025-05-18 16:28:58 info: POST /api/users/login
2025-05-18 16:32:12 info: Server running on port 3000
2025-05-18 16:32:14 info: Connected to MongoDB
2025-05-18 16:32:16 info: Server running on port 3000
2025-05-18 16:32:18 info: Server running on port 3000
2025-05-18 16:32:20 info: Connected to MongoDB
2025-05-18 16:32:22 info: Server running on port 3000
2025-05-18 16:32:24 info: Connected to MongoDB
2025-05-18 16:34:15 info: POST /api/users/login
2025-05-18 16:34:39 info: POST /api/complaints
2025-05-18 16:35:26 info: Server running on port 3000
2025-05-18 16:35:28 info: Connected to MongoDB
2025-05-18 16:40:07 info: POST /api/complaints
2025-05-18 16:43:30 info: Server running on port 3000
2025-05-18 16:43:31 info: Connected to MongoDB
2025-05-18 16:43:34 info: Server running on port 3000
2025-05-18 16:43:35 info: Connected to MongoDB
2025-05-18 16:43:58 info: POST /api/complaints
2025-05-18 16:45:06 info: POST /api/complaints
2025-05-18 16:45:28 info: Server running on port 3000
2025-05-18 16:45:28 info: POST /api/complaints
2025-05-18 16:45:29 info: Connected to MongoDB
2025-05-18 16:46:00 info: POST /api/complaints
2025-05-18 16:49:50 info: Server running on port 3000
2025-05-18 16:49:52 info: Connected to MongoDB
2025-05-18 16:50:26 info: Server running on port 3000
2025-05-18 16:50:29 info: Connected to MongoDB
2025-05-18 16:50:32 info: Server running on port 3000
2025-05-18 16:50:33 info: Connected to MongoDB
2025-05-18 16:51:28 info: POST /api/complaints
2025-05-18 16:51:28 error: Error creating complaint: Complaint validation failed: priority: `medium` is not a valid enum value for path `priority`.
ValidationError: Complaint validation failed: priority: `medium` is not a valid enum value for path `priority`.
    at Document.invalidate (C:\Users\edmond.gakuba\Documents\civic\backend\node_modules\mongoose\lib\document.js:3343:32)
    at C:\Users\edmond.gakuba\Documents\civic\backend\node_modules\mongoose\lib\document.js:3104:17
    at C:\Users\edmond.gakuba\Documents\civic\backend\node_modules\mongoose\lib\schemaType.js:1407:9
    at process.processTicksAndRejections (node:internal/process/task_queues:85:11)
2025-05-18 16:52:26 info: Server running on port 3000
2025-05-18 16:52:28 info: Connected to MongoDB
2025-05-18 16:52:31 info: Server running on port 3000
2025-05-18 16:52:32 info: Server running on port 3000
2025-05-18 16:52:34 info: Connected to MongoDB
2025-05-18 16:54:27 info: POST /api/complaints
2025-05-18 17:06:12 info: GET /api/complaints
2025-05-18 17:06:52 info: POST /api/users/login
2025-05-18 17:07:15 info: GET /api/complaints
2025-05-18 17:08:37 info: GET /api/complaints/682833dcbc0365e0f2853408
2025-05-18 17:08:42 info: GET /api/complaints
2025-05-18 17:09:02 info: GET /api/complaints/CMP250500004
2025-05-18 17:09:11 info: GET /api/complaints
2025-05-18 17:18:32 info: GET /api/complaints/6829f4a33ae593da1a5f97f2
2025-05-18 17:18:42 info: GET /api/complaints/CMP250500004
2025-05-18 17:19:00 info: GET /api/complaints/CMP250500003
2025-05-18 17:19:14 info: GET /api/complaints/CMP250500002
2025-05-18 17:19:28 info: GET /api/complaints/CMP250500001
2025-05-18 17:20:17 info: GET /api/complaints/CMP250500001
2025-05-18 17:26:24 info: Server running on port 3000
2025-05-18 17:26:26 info: Connected to MongoDB
2025-05-18 17:35:53 info: GET /api/complaints/my
2025-05-18 17:36:54 info: Server running on port 3000
2025-05-18 17:36:56 info: Connected to MongoDB
2025-05-18 17:37:06 info: GET /api/complaints/my
2025-05-18 17:38:11 info: GET /api/complaints/my
2025-05-18 17:42:22 info: Server running on port 3000
2025-05-18 17:42:23 info: Connected to MongoDB
2025-05-18 17:42:27 info: GET /api/complaints/my
2025-05-18 17:53:05 info: GET /api/complaints/my
2025-05-18 17:53:05 info: GET /api/complaints/my
2025-05-18 17:53:05 info: GET /api/complaints/my
2025-05-18 17:53:06 info: GET /api/complaints/my
2025-05-18 17:53:06 info: GET /api/complaints/my
2025-05-18 17:53:06 info: GET /api/complaints/my
2025-05-18 17:53:07 info: GET /api/complaints/my
2025-05-18 17:53:07 info: GET /api/complaints/my
2025-05-18 17:53:08 info: GET /api/complaints/my
2025-05-18 17:53:08 info: GET /api/complaints/my
2025-05-18 17:53:08 info: GET /api/complaints/my
2025-05-18 17:53:09 info: GET /api/complaints/my
2025-05-18 17:53:09 info: GET /api/complaints/my
2025-05-18 17:53:09 info: GET /api/complaints/my
2025-05-18 17:53:10 info: GET /api/complaints/my
2025-05-18 17:53:10 info: GET /api/complaints/my
2025-05-18 17:53:10 info: GET /api/complaints/my
2025-05-18 17:53:11 info: GET /api/complaints/my
2025-05-18 17:53:11 info: GET /api/complaints/my
2025-05-18 17:53:12 info: GET /api/complaints/my
2025-05-18 17:53:12 info: GET /api/complaints/my
2025-05-18 17:53:12 info: GET /api/complaints/my
2025-05-18 17:53:13 info: GET /api/complaints/my
2025-05-18 17:53:13 info: GET /api/complaints/my
2025-05-18 17:53:14 info: GET /api/complaints/my
2025-05-18 17:53:14 info: GET /api/complaints/my
2025-05-18 17:53:18 info: GET /api/complaints/my
2025-05-18 17:53:18 info: GET /api/complaints/my
2025-05-18 17:53:19 info: GET /api/complaints/my
2025-05-18 17:53:19 info: GET /api/complaints/my
2025-05-18 17:53:19 info: GET /api/complaints/my
2025-05-18 17:53:20 info: GET /api/complaints/my
2025-05-18 17:53:20 info: GET /api/complaints/my
2025-05-18 17:53:21 info: GET /api/complaints/my
2025-05-18 17:53:21 info: GET /api/complaints/my
2025-05-18 17:53:21 info: GET /api/complaints/my
2025-05-18 17:53:22 info: GET /api/complaints/my
2025-05-18 17:53:22 info: GET /api/complaints/my
2025-05-18 17:53:23 info: GET /api/complaints/my
2025-05-18 17:53:23 info: GET /api/complaints/my
2025-05-18 17:53:24 info: GET /api/complaints/my
2025-05-18 17:53:24 info: GET /api/complaints/my
2025-05-18 17:53:25 info: GET /api/complaints/my
2025-05-18 17:53:25 info: GET /api/complaints/my
2025-05-18 17:53:25 info: GET /api/complaints/my
2025-05-18 17:53:26 info: GET /api/complaints/my
2025-05-18 17:53:26 info: GET /api/complaints/my
2025-05-18 17:53:27 info: GET /api/complaints/my
2025-05-18 17:53:27 info: GET /api/complaints/my
2025-05-18 17:53:27 info: GET /api/complaints/my
2025-05-18 17:53:28 info: GET /api/complaints/my
2025-05-18 17:53:28 info: GET /api/complaints/my
2025-05-18 17:53:28 info: GET /api/complaints/my
2025-05-18 17:53:29 info: GET /api/complaints/my
2025-05-18 17:53:29 info: GET /api/complaints/my
2025-05-18 17:53:29 info: GET /api/complaints/my
2025-05-18 17:53:30 info: GET /api/complaints/my
2025-05-18 17:53:30 info: GET /api/complaints/my
2025-05-18 17:53:31 info: GET /api/complaints/my
2025-05-18 17:53:31 info: GET /api/complaints/my
2025-05-18 17:53:31 info: GET /api/complaints/my
2025-05-18 17:53:32 info: GET /api/complaints/my
2025-05-18 17:53:32 info: GET /api/complaints/my
2025-05-18 17:53:33 info: GET /api/complaints/my
2025-05-18 17:53:33 info: GET /api/complaints/my
2025-05-18 17:53:33 info: GET /api/complaints/my
2025-05-18 17:53:34 info: GET /api/complaints/my
2025-05-18 18:03:20 info: Server running on port 3000
2025-05-18 18:03:20 info: GET /api/complaints/my
2025-05-18 18:03:21 info: Connected to MongoDB
2025-05-18 18:03:22 info: GET /api/complaints/my
2025-05-18 18:03:23 info: GET /api/complaints/my
2025-05-18 18:03:23 info: GET /api/complaints/my
2025-05-18 18:03:23 info: GET /api/complaints/my
2025-05-18 18:03:24 info: GET /api/complaints/my
2025-05-18 18:03:24 info: GET /api/complaints/my
2025-05-18 18:03:24 info: GET /api/complaints/my
2025-05-18 18:03:25 info: GET /api/complaints/my
2025-05-18 18:03:25 info: GET /api/complaints/my
2025-05-18 18:03:25 info: GET /api/complaints/my
2025-05-18 18:03:34 info: GET /api/complaints/my
2025-05-18 18:03:34 info: GET /api/complaints/my
2025-05-18 18:03:35 info: GET /api/complaints/my
2025-05-18 18:03:35 info: GET /api/complaints/my
2025-05-18 18:03:35 info: GET /api/complaints/my
2025-05-18 18:03:36 info: GET /api/complaints/my
2025-05-18 18:03:36 info: GET /api/complaints/my
2025-05-18 18:03:36 info: GET /api/complaints/my
2025-05-18 18:03:37 info: GET /api/complaints/my
2025-05-18 18:03:37 info: GET /api/complaints/my
2025-05-18 18:03:37 info: GET /api/complaints/my
2025-05-18 18:03:38 info: GET /api/complaints/my
2025-05-18 18:03:38 info: GET /api/complaints/my
2025-05-18 18:03:39 info: GET /api/complaints/my
2025-05-18 18:03:39 info: GET /api/complaints/my
2025-05-18 18:03:39 info: GET /api/complaints/my
2025-05-18 18:03:40 info: GET /api/complaints/my
2025-05-18 18:03:40 info: GET /api/complaints/my
2025-05-18 18:03:40 info: GET /api/complaints/my
2025-05-18 18:03:41 info: GET /api/complaints/my
2025-05-18 18:03:41 info: GET /api/complaints/undefined
2025-05-18 18:03:41 info: GET /api/complaints/my
2025-05-18 18:03:41 info: GET /api/complaints/undefined
2025-05-18 18:03:42 info: GET /api/complaints/undefined
2025-05-18 18:03:42 info: GET /api/complaints/my
2025-05-18 18:03:42 info: GET /api/complaints/undefined
2025-05-18 18:03:42 info: GET /api/complaints/my
2025-05-18 18:03:42 info: GET /api/complaints/my
2025-05-18 18:03:43 info: GET /api/complaints/my
2025-05-18 18:03:43 info: GET /api/complaints/my
2025-05-18 18:03:43 info: GET /api/complaints/my
2025-05-18 18:03:44 info: GET /api/complaints/my
2025-05-18 18:03:44 info: GET /api/complaints/my
2025-05-18 18:03:45 info: GET /api/complaints/my
2025-05-18 18:03:45 info: GET /api/complaints/my
2025-05-18 18:03:45 info: GET /api/complaints/my
2025-05-18 18:03:46 info: GET /api/complaints/my
2025-05-18 18:03:46 info: GET /api/complaints/my
2025-05-18 18:03:46 info: GET /api/complaints/my
2025-05-18 18:03:47 info: GET /api/complaints/my
2025-05-18 18:03:47 info: GET /api/complaints/my
2025-05-18 18:03:48 info: GET /api/complaints/my
2025-05-18 18:03:48 info: GET /api/complaints/my
2025-05-18 18:03:49 info: GET /api/complaints/my
2025-05-18 18:04:09 info: GET /api/complaints/my
2025-05-18 18:04:09 info: GET /api/complaints/my
2025-05-18 18:04:09 info: GET /api/complaints/my
2025-05-18 18:04:10 info: GET /api/complaints/my
2025-05-18 18:04:10 info: GET /api/complaints/my
2025-05-18 18:04:10 info: GET /api/complaints/my
2025-05-18 18:04:11 info: GET /api/complaints/my
2025-05-18 18:04:11 info: GET /api/complaints/my
2025-05-18 18:04:11 info: GET /api/complaints/my
2025-05-18 18:04:12 info: GET /api/complaints/my
2025-05-18 18:04:12 info: GET /api/complaints/my
2025-05-18 18:04:13 info: GET /api/complaints/my
2025-05-18 18:04:13 info: GET /api/complaints/my
2025-05-18 18:04:14 info: GET /api/complaints/my
2025-05-18 18:04:14 info: GET /api/complaints/my
2025-05-18 18:04:14 info: GET /api/complaints/my
2025-05-18 18:04:15 info: GET /api/complaints/my
2025-05-18 18:04:15 info: GET /api/complaints/my
2025-05-18 18:04:15 info: GET /api/complaints/my
2025-05-18 18:04:16 info: GET /api/complaints/my
2025-05-18 18:04:16 info: GET /api/complaints/my
2025-05-18 18:04:17 info: GET /api/complaints/my
2025-05-18 18:04:17 info: GET /api/complaints/my
2025-05-18 18:04:17 info: GET /api/complaints/my
2025-05-18 18:04:18 info: GET /api/complaints/my
2025-05-18 18:04:18 info: GET /api/complaints/my
2025-05-18 18:04:18 info: GET /api/complaints/my
2025-05-18 18:04:19 info: GET /api/complaints/my
2025-05-18 18:04:19 info: GET /api/complaints/my
2025-05-18 18:04:20 info: GET /api/complaints/my
2025-05-18 18:04:20 info: GET /api/complaints/my
2025-05-18 18:04:21 info: GET /api/complaints/my
2025-05-18 18:04:21 info: GET /api/complaints/my
2025-05-18 18:04:21 info: GET /api/complaints/my
2025-05-18 18:04:22 info: GET /api/complaints/my
2025-05-18 18:04:22 info: GET /api/complaints/my
2025-05-18 18:04:23 info: GET /api/complaints/my
2025-05-18 18:04:23 info: GET /api/complaints/my
2025-05-18 18:04:23 info: GET /api/complaints/my
2025-05-18 18:04:24 info: GET /api/complaints/my
2025-05-18 18:04:24 info: GET /api/complaints/my
2025-05-18 18:04:25 info: GET /api/complaints/my
2025-05-18 18:04:25 info: GET /api/complaints/my
2025-05-18 18:04:25 info: GET /api/complaints/my
2025-05-18 18:04:26 info: GET /api/complaints/my
2025-05-18 18:04:26 info: GET /api/complaints/my
2025-05-18 18:04:26 info: GET /api/complaints/my
2025-05-18 18:04:27 info: GET /api/complaints/my
2025-05-18 18:04:27 info: GET /api/complaints/my
2025-05-18 18:04:27 info: GET /api/complaints/my
2025-05-18 18:04:28 info: GET /api/complaints/my
2025-05-18 18:04:28 info: GET /api/complaints/my
2025-05-18 18:04:29 info: GET /api/complaints/my
2025-05-18 18:04:29 info: GET /api/complaints/my
2025-05-18 18:04:30 info: GET /api/complaints/my
2025-05-18 18:04:30 info: GET /api/complaints/my
2025-05-18 18:04:31 info: GET /api/complaints/my
2025-05-18 18:04:31 info: GET /api/complaints/my
2025-05-18 18:04:32 info: GET /api/complaints/my
2025-05-18 18:04:33 info: GET /api/complaints/my
2025-05-18 18:04:33 info: GET /api/complaints/my
2025-05-18 18:04:33 info: GET /api/complaints/my
2025-05-18 18:04:34 info: GET /api/complaints/my
2025-05-18 18:04:34 info: GET /api/complaints/my
2025-05-18 18:04:35 info: GET /api/complaints/my
2025-05-18 18:04:35 info: GET /api/complaints/my
2025-05-18 18:04:35 info: GET /api/complaints/my
2025-05-18 18:04:36 info: GET /api/complaints/my
2025-05-18 18:04:36 info: GET /api/complaints/my
2025-05-18 18:04:37 info: GET /api/complaints/my
2025-05-18 18:04:37 info: GET /api/complaints/my
2025-05-18 18:04:37 info: GET /api/complaints/my
2025-05-18 18:04:38 info: GET /api/complaints/my
2025-05-18 18:04:38 info: GET /api/complaints/my
2025-05-18 18:04:38 info: GET /api/complaints/my
2025-05-18 18:04:39 info: GET /api/complaints/my
2025-05-18 18:04:39 info: GET /api/complaints/my
2025-05-18 18:04:40 info: GET /api/complaints/my
2025-05-18 18:04:40 info: GET /api/complaints/my
2025-05-18 18:04:41 info: GET /api/complaints/my
2025-05-18 18:04:41 info: GET /api/complaints/my
2025-05-18 18:04:41 info: GET /api/complaints/my
2025-05-18 18:04:42 info: GET /api/complaints/my
2025-05-18 18:04:42 info: GET /api/complaints/my
2025-05-18 18:04:43 info: GET /api/complaints/my
2025-05-18 19:02:19 info: GET /api/complaints/my
2025-05-18 19:02:20 info: GET /api/complaints/my
2025-05-18 19:02:21 info: GET /api/complaints/my
2025-05-18 19:02:21 info: GET /api/complaints/my
2025-05-18 19:02:21 info: GET /api/complaints/my
2025-05-18 19:02:22 info: GET /api/complaints/my
2025-05-18 19:02:22 info: GET /api/complaints/my
2025-05-18 19:02:23 info: GET /api/complaints/my
2025-05-18 19:02:23 info: GET /api/complaints/my
2025-05-18 19:02:24 info: GET /api/complaints/my
2025-05-18 19:02:24 info: GET /api/complaints/my
2025-05-18 19:02:24 info: GET /api/complaints/my
2025-05-18 19:02:25 info: GET /api/complaints/my
2025-05-18 19:02:25 info: GET /api/complaints/my
2025-05-18 19:02:26 info: GET /api/complaints/my
2025-05-18 19:02:26 info: GET /api/complaints/my
2025-05-18 19:02:27 info: GET /api/complaints/my
2025-05-18 19:02:27 info: GET /api/complaints/my
2025-05-18 19:02:28 info: GET /api/complaints/my
2025-05-18 19:02:28 info: GET /api/complaints/my
2025-05-18 19:02:29 info: GET /api/complaints/my
2025-05-18 19:02:29 info: GET /api/complaints/my
2025-05-18 19:02:30 info: GET /api/complaints/my
2025-05-18 19:02:30 info: GET /api/complaints/my
2025-05-18 19:02:31 info: GET /api/complaints/my
2025-05-18 19:02:31 info: GET /api/complaints/my
2025-05-18 19:02:31 info: GET /api/complaints/my
2025-05-18 19:02:32 info: GET /api/complaints/my
2025-05-18 19:02:32 info: GET /api/complaints/my
2025-05-18 19:02:33 info: GET /api/complaints/my
2025-05-18 19:02:33 info: GET /api/complaints/my
2025-05-18 19:02:34 info: GET /api/complaints/my
2025-05-18 19:02:35 info: GET /api/complaints/my
2025-05-18 19:02:35 info: GET /api/complaints/my
2025-05-18 19:02:36 info: GET /api/complaints/my
2025-05-18 19:02:36 info: GET /api/complaints/my
2025-05-18 19:02:37 info: GET /api/complaints/my
2025-05-18 19:02:38 info: GET /api/complaints/my
2025-05-18 19:02:39 info: GET /api/complaints/my
2025-05-18 19:02:41 info: GET /api/complaints/my
2025-05-18 19:02:42 info: GET /api/complaints/my
2025-05-18 19:02:42 info: GET /api/complaints/my
2025-05-18 19:02:43 info: GET /api/complaints/my
2025-05-18 19:02:45 info: GET /api/complaints/my
2025-05-18 19:02:45 info: GET /api/complaints/my
2025-05-18 19:02:46 info: GET /api/complaints/my
2025-05-18 19:02:47 info: GET /api/complaints/my
2025-05-18 19:02:48 info: GET /api/complaints/my
2025-05-18 19:02:49 info: GET /api/complaints/my
2025-05-18 19:02:49 info: GET /api/complaints/my
2025-05-18 19:02:49 info: GET /api/complaints/my
2025-05-18 19:02:50 info: GET /api/complaints/my
2025-05-18 19:02:50 info: GET /api/complaints/my
2025-05-18 19:02:51 info: GET /api/complaints/my
2025-05-18 19:02:51 info: GET /api/complaints/my
2025-05-18 19:02:52 info: GET /api/complaints/my
2025-05-18 19:02:52 info: GET /api/complaints/my
2025-05-18 19:02:52 info: GET /api/complaints/my
2025-05-18 19:02:53 info: GET /api/complaints/my
2025-05-18 19:02:53 info: GET /api/complaints/my
2025-05-18 19:02:54 info: GET /api/complaints/my
2025-05-18 19:02:54 info: GET /api/complaints/my
2025-05-18 19:02:54 info: GET /api/complaints/my
2025-05-18 19:02:55 info: GET /api/complaints/my
2025-05-18 19:02:55 info: GET /api/complaints/my
2025-05-18 19:02:55 info: GET /api/complaints/my
2025-05-18 19:02:56 info: GET /api/complaints/my
2025-05-18 19:02:56 info: GET /api/complaints/my
2025-05-18 19:02:56 info: GET /api/complaints/my
2025-05-18 19:02:56 info: GET /api/complaints/my
2025-05-18 19:02:56 info: GET /api/complaints/my
2025-05-18 19:02:57 info: GET /api/complaints/my
2025-05-18 19:02:57 info: GET /api/complaints/my
2025-05-18 19:02:57 info: GET /api/complaints/my
2025-05-18 19:02:58 info: GET /api/complaints/my
2025-05-18 19:02:58 info: GET /api/complaints/my
2025-05-18 19:02:58 info: GET /api/complaints/my
2025-05-18 19:02:59 info: GET /api/complaints/my
2025-05-18 19:02:59 info: GET /api/complaints/my
2025-05-18 19:03:00 info: GET /api/complaints/my
2025-05-18 19:03:00 info: GET /api/complaints/my
2025-05-18 19:03:01 info: GET /api/complaints/my
2025-05-18 19:03:01 info: GET /api/complaints/my
2025-05-18 19:03:01 info: GET /api/complaints/my
2025-05-18 19:03:02 info: GET /api/complaints/my
2025-05-18 19:03:02 info: GET /api/complaints/my
2025-05-18 19:03:03 info: GET /api/complaints/my
2025-05-18 19:03:03 info: GET /api/complaints/my
2025-05-18 19:03:03 info: GET /api/complaints/my
2025-05-18 19:03:04 info: GET /api/complaints/my
2025-05-18 19:03:04 info: GET /api/complaints/my
2025-05-18 19:03:05 info: GET /api/complaints/my
2025-05-18 19:03:05 info: GET /api/complaints/my
2025-05-18 19:03:05 info: GET /api/complaints/my
2025-05-18 19:03:06 info: GET /api/complaints/my
2025-05-18 19:03:06 info: GET /api/complaints/my
2025-05-18 19:03:07 info: GET /api/complaints/my
2025-05-18 19:03:07 info: GET /api/complaints/my
2025-05-18 19:03:08 info: GET /api/complaints/my
2025-05-18 19:03:08 info: GET /api/complaints/my
2025-05-18 20:05:21 info: GET /api/complaints/my
2025-05-18 20:05:23 info: GET /api/complaints/my
2025-05-18 20:05:23 info: GET /api/complaints/my
2025-05-18 20:05:24 info: GET /api/complaints/my
2025-05-18 20:05:24 info: GET /api/complaints/my
2025-05-18 20:05:25 info: GET /api/complaints/my
2025-05-18 20:05:25 info: GET /api/complaints/my
2025-05-18 20:05:26 info: GET /api/complaints/my
2025-05-18 20:05:27 info: GET /api/complaints/my
2025-05-18 20:05:27 info: GET /api/complaints/my
2025-05-18 20:05:28 info: GET /api/complaints/my
2025-05-18 20:05:28 info: GET /api/complaints/my
2025-05-18 20:05:29 info: GET /api/complaints/my
2025-05-18 20:05:29 info: GET /api/complaints/my
2025-05-18 20:05:30 info: GET /api/complaints/my
2025-05-18 20:05:30 info: GET /api/complaints/my
2025-05-18 20:05:31 info: GET /api/complaints/my
2025-05-18 20:05:31 info: GET /api/complaints/my
2025-05-18 20:05:31 info: GET /api/complaints/my
2025-05-18 20:05:32 info: GET /api/complaints/my
2025-05-18 20:05:32 info: GET /api/complaints/my
2025-05-18 20:05:33 info: GET /api/complaints/my
2025-05-18 20:05:33 info: GET /api/complaints/my
2025-05-18 20:05:34 info: GET /api/complaints/my
2025-05-18 20:05:34 info: GET /api/complaints/my
2025-05-18 20:05:35 info: GET /api/complaints/my
2025-05-18 20:05:35 info: GET /api/complaints/my
2025-05-18 20:05:36 info: GET /api/complaints/my
2025-05-18 20:05:36 info: GET /api/complaints/my
2025-05-18 20:05:37 info: GET /api/complaints/my
2025-05-18 20:05:37 info: GET /api/complaints/my
2025-05-18 20:05:38 info: GET /api/complaints/my
2025-05-18 20:05:39 info: GET /api/complaints/my
2025-05-18 20:05:39 info: GET /api/complaints/my
2025-05-18 20:05:39 info: GET /api/complaints/my
2025-05-18 20:05:40 info: GET /api/complaints/my
2025-05-18 20:05:40 info: GET /api/complaints/my
2025-05-18 20:05:41 info: GET /api/complaints/my
2025-05-18 20:05:41 info: GET /api/complaints/my
2025-05-18 20:05:42 info: GET /api/complaints/my
2025-05-18 20:05:42 info: GET /api/complaints/my
2025-05-18 20:05:43 info: GET /api/complaints/my
2025-05-18 20:05:43 info: GET /api/complaints/my
2025-05-18 20:05:44 info: GET /api/complaints/my
2025-05-18 20:05:44 info: GET /api/complaints/my
2025-05-18 20:05:45 info: GET /api/complaints/my
2025-05-18 20:05:45 info: GET /api/complaints/my
2025-05-18 20:05:46 info: GET /api/complaints/my
2025-05-18 20:05:46 info: GET /api/complaints/my
2025-05-18 20:05:47 info: GET /api/complaints/my
2025-05-18 20:05:47 info: GET /api/complaints/my
2025-05-18 20:05:48 info: GET /api/complaints/my
2025-05-18 20:05:48 info: GET /api/complaints/my
2025-05-18 20:05:49 info: GET /api/complaints/my
2025-05-18 20:05:49 info: GET /api/complaints/my
2025-05-18 20:05:50 info: GET /api/complaints/my
2025-05-18 20:05:50 info: GET /api/complaints/my
2025-05-18 20:05:51 info: GET /api/complaints/my
2025-05-18 20:05:51 info: GET /api/complaints/my
2025-05-18 20:05:52 info: GET /api/complaints/my
2025-05-18 20:05:52 info: GET /api/complaints/my
2025-05-18 20:05:53 info: GET /api/complaints/my
2025-05-18 20:05:54 info: GET /api/complaints/my
2025-05-18 20:05:54 info: GET /api/complaints/my
2025-05-18 20:05:54 info: GET /api/complaints/my
2025-05-18 20:05:55 info: GET /api/complaints/my
2025-05-18 20:05:55 info: GET /api/complaints/my
2025-05-18 20:05:56 info: GET /api/complaints/my
2025-05-18 20:05:56 info: GET /api/complaints/my
2025-05-18 20:05:57 info: GET /api/complaints/my
2025-05-18 20:05:57 info: GET /api/complaints/my
2025-05-18 20:05:58 info: GET /api/complaints/my
2025-05-18 20:05:58 info: GET /api/complaints/my
2025-05-18 20:05:59 info: GET /api/complaints/my
2025-05-18 20:05:59 info: GET /api/complaints/my
2025-05-18 20:06:00 info: GET /api/complaints/my
2025-05-18 20:06:00 info: GET /api/complaints/my
2025-05-18 20:06:01 info: GET /api/complaints/my
2025-05-18 20:06:01 info: GET /api/complaints/my
2025-05-18 20:06:02 info: GET /api/complaints/my
2025-05-18 20:06:02 info: GET /api/complaints/my
2025-05-18 20:06:03 info: GET /api/complaints/my
2025-05-18 20:06:03 info: GET /api/complaints/my
2025-05-18 20:06:03 info: GET /api/complaints/my
2025-05-18 20:06:03 info: GET /api/complaints/my
2025-05-18 20:06:03 info: GET /api/complaints/my
2025-05-18 20:06:04 info: GET /api/complaints/my
2025-05-18 20:06:04 info: GET /api/complaints/my
2025-05-18 20:06:04 info: GET /api/complaints/my
2025-05-18 20:06:04 info: GET /api/complaints/my
2025-05-18 20:06:05 info: GET /api/complaints/my
2025-05-18 20:06:05 info: GET /api/complaints/my
2025-05-18 20:06:05 info: GET /api/complaints/my
2025-05-18 20:06:05 info: GET /api/complaints/my
2025-05-18 20:06:06 info: GET /api/complaints/my
2025-05-18 20:06:06 info: GET /api/complaints/my
2025-05-18 20:06:06 info: GET /api/complaints/my
2025-05-18 20:06:06 info: GET /api/complaints/my
2025-05-18 20:06:07 info: GET /api/complaints/my
2025-05-18 20:06:07 info: GET /api/complaints/my
2025-05-18 20:49:50 info: GET /api/complaints/my
2025-05-18 20:49:52 info: GET /api/complaints/my
2025-05-18 20:49:53 info: GET /api/complaints/my
2025-05-18 20:49:53 info: GET /api/complaints/my
2025-05-18 20:49:54 info: GET /api/complaints/my
2025-05-18 20:49:54 info: GET /api/complaints/my
2025-05-18 20:49:54 info: GET /api/complaints/my
2025-05-18 20:49:55 info: GET /api/complaints/my
2025-05-18 20:49:55 info: GET /api/complaints/my
2025-05-18 20:49:56 info: GET /api/complaints/my
2025-05-18 20:49:56 info: GET /api/complaints/my
2025-05-18 20:49:57 info: GET /api/complaints/my
2025-05-18 20:49:57 info: GET /api/complaints/my
2025-05-18 20:49:58 info: GET /api/complaints/my
2025-05-18 20:49:58 info: GET /api/complaints/my
2025-05-18 20:49:59 info: GET /api/complaints/my
2025-05-18 20:49:59 info: GET /api/complaints/my
2025-05-18 20:50:00 info: GET /api/complaints/my
2025-05-18 20:50:00 info: GET /api/complaints/my
2025-05-18 20:50:01 info: GET /api/complaints/my
2025-05-18 20:50:01 info: GET /api/complaints/my
2025-05-18 20:50:01 info: GET /api/complaints/my
2025-05-18 20:50:02 info: GET /api/complaints/my
2025-05-18 20:50:02 info: GET /api/complaints/my
2025-05-18 20:50:03 info: GET /api/complaints/my
2025-05-18 20:50:04 info: GET /api/complaints/my
2025-05-18 20:50:04 info: GET /api/complaints/my
2025-05-18 20:50:04 info: GET /api/complaints/my
2025-05-18 20:50:05 info: GET /api/complaints/my
2025-05-18 20:50:05 info: GET /api/complaints/my
2025-05-18 20:50:06 info: GET /api/complaints/my
2025-05-18 20:50:06 info: GET /api/complaints/my
2025-05-18 20:50:07 info: GET /api/complaints/my
2025-05-18 20:50:07 info: GET /api/complaints/my
2025-05-18 20:50:08 info: GET /api/complaints/my
2025-05-18 20:50:08 info: GET /api/complaints/my
2025-05-18 20:50:09 info: GET /api/complaints/my
2025-05-18 20:50:09 info: GET /api/complaints/my
2025-05-18 20:50:09 info: GET /api/complaints/my
2025-05-18 20:50:10 info: GET /api/complaints/my
2025-05-18 20:50:11 info: GET /api/complaints/my
2025-05-18 20:50:11 info: GET /api/complaints/my
2025-05-18 20:50:12 info: GET /api/complaints/my
2025-05-18 20:50:12 info: GET /api/complaints/my
2025-05-18 20:50:13 info: GET /api/complaints/my
2025-05-18 20:50:13 info: GET /api/complaints/my
2025-05-18 20:50:13 info: GET /api/complaints/my
2025-05-18 20:50:14 info: GET /api/complaints/my
2025-05-18 20:50:14 info: GET /api/complaints/my
2025-05-18 20:50:15 info: GET /api/complaints/my
2025-05-18 20:50:15 info: GET /api/complaints/my
2025-05-18 20:50:16 info: GET /api/complaints/my
2025-05-18 20:50:16 info: GET /api/complaints/my
2025-05-18 20:50:17 info: GET /api/complaints/my
2025-05-18 20:50:17 info: GET /api/complaints/my
2025-05-18 20:50:18 info: GET /api/complaints/my
2025-05-18 20:50:18 info: GET /api/complaints/my
2025-05-18 20:50:19 info: GET /api/complaints/my
2025-05-18 20:50:19 info: GET /api/complaints/my
2025-05-18 20:50:19 info: GET /api/complaints/my
2025-05-18 20:50:20 info: GET /api/complaints/my
2025-05-18 20:50:20 info: GET /api/complaints/my
2025-05-18 20:50:21 info: GET /api/complaints/my
2025-05-18 20:50:21 info: GET /api/complaints/my
2025-05-18 20:50:22 info: GET /api/complaints/my
2025-05-18 20:50:22 info: GET /api/complaints/my
2025-05-18 20:50:23 info: GET /api/complaints/my
2025-05-18 20:50:23 info: GET /api/complaints/my
2025-05-18 20:50:24 info: GET /api/complaints/my
2025-05-18 20:50:24 info: GET /api/complaints/my
2025-05-18 20:50:25 info: GET /api/complaints/my
2025-05-18 20:50:25 info: GET /api/complaints/my
2025-05-18 20:50:25 info: GET /api/complaints/my
2025-05-18 20:50:26 info: GET /api/complaints/my
2025-05-18 20:50:26 info: GET /api/complaints/my
2025-05-18 20:50:27 info: GET /api/complaints/my
2025-05-18 20:50:27 info: GET /api/complaints/my
2025-05-18 20:50:27 info: GET /api/complaints/my
2025-05-18 20:50:28 info: GET /api/complaints/my
2025-05-18 20:50:28 info: GET /api/complaints/my
2025-05-18 20:50:29 info: GET /api/complaints/my
2025-05-18 20:50:29 info: GET /api/complaints/my
2025-05-18 20:50:30 info: GET /api/complaints/my
2025-05-18 20:50:30 info: GET /api/complaints/my
2025-05-18 20:50:31 info: GET /api/complaints/my
2025-05-18 20:50:31 info: GET /api/complaints/my
2025-05-18 20:50:31 info: GET /api/complaints/my
2025-05-18 20:50:32 info: GET /api/complaints/my
2025-05-18 20:50:32 info: GET /api/complaints/my
2025-05-18 20:50:33 info: GET /api/complaints/my
2025-05-18 20:50:33 info: GET /api/complaints/my
2025-05-18 20:50:33 info: GET /api/complaints/my
2025-05-18 20:50:33 info: GET /api/complaints/my
2025-05-18 20:50:33 info: GET /api/complaints/my
2025-05-18 20:50:34 info: GET /api/complaints/my
2025-05-18 20:50:34 info: GET /api/complaints/my
2025-05-18 20:50:34 info: GET /api/complaints/my
2025-05-18 20:50:34 info: GET /api/complaints/my
2025-05-18 20:50:35 info: GET /api/complaints/my
2025-05-18 20:50:35 info: GET /api/complaints/my
2025-05-18 21:11:02 info: GET /api/complaints/my
2025-05-18 21:11:04 info: GET /api/complaints/my
2025-05-18 21:11:04 info: GET /api/complaints/my
2025-05-18 21:11:05 info: GET /api/complaints/my
2025-05-18 21:11:05 info: GET /api/complaints/my
2025-05-18 21:11:06 info: GET /api/complaints/my
2025-05-18 21:11:07 info: GET /api/complaints/my
2025-05-18 21:11:07 info: GET /api/complaints/my
2025-05-18 21:11:08 info: GET /api/complaints/my
2025-05-18 21:11:09 info: GET /api/complaints/my
2025-05-18 21:11:10 info: GET /api/complaints/my
2025-05-18 21:11:10 info: GET /api/complaints/my
2025-05-18 21:11:11 info: GET /api/complaints/my
2025-05-18 21:11:11 info: GET /api/complaints/my
2025-05-18 21:11:11 info: GET /api/complaints/my
2025-05-18 21:11:12 info: GET /api/complaints/my
2025-05-18 21:11:12 info: GET /api/complaints/my
2025-05-18 21:11:13 info: GET /api/complaints/my
2025-05-18 21:11:13 info: GET /api/complaints/my
2025-05-18 21:11:13 info: GET /api/complaints/my
2025-05-18 21:11:14 info: GET /api/complaints/my
2025-05-18 21:11:14 info: GET /api/complaints/my
2025-05-18 21:11:15 info: GET /api/complaints/my
2025-05-18 21:11:15 info: GET /api/complaints/my
2025-05-18 21:11:16 info: GET /api/complaints/my
2025-05-18 21:11:16 info: GET /api/complaints/my
2025-05-18 21:11:17 info: GET /api/complaints/my
2025-05-18 21:11:17 info: GET /api/complaints/my
2025-05-18 21:11:17 info: GET /api/complaints/my
2025-05-18 21:11:18 info: GET /api/complaints/my
2025-05-18 21:11:18 info: GET /api/complaints/my
2025-05-18 21:11:19 info: GET /api/complaints/my
2025-05-18 21:11:19 info: GET /api/complaints/my
2025-05-18 21:11:20 info: GET /api/complaints/my
2025-05-18 21:11:20 info: GET /api/complaints/my
2025-05-18 21:11:20 info: GET /api/complaints/my
2025-05-18 21:11:21 info: GET /api/complaints/my
2025-05-18 21:11:21 info: GET /api/complaints/my
2025-05-18 21:11:22 info: GET /api/complaints/my
2025-05-18 21:11:22 info: GET /api/complaints/my
2025-05-18 21:11:23 info: GET /api/complaints/my
2025-05-18 21:11:23 info: GET /api/complaints/my
2025-05-18 21:11:23 info: GET /api/complaints/my
2025-05-18 21:11:24 info: GET /api/complaints/my
2025-05-18 21:11:24 info: GET /api/complaints/my
2025-05-18 21:11:25 info: GET /api/complaints/my
2025-05-18 21:11:25 info: GET /api/complaints/my
2025-05-18 21:11:26 info: GET /api/complaints/my
2025-05-18 21:11:26 info: GET /api/complaints/my
2025-05-18 21:11:27 info: GET /api/complaints/my
2025-05-18 21:11:27 info: GET /api/complaints/my
2025-05-18 21:11:27 info: GET /api/complaints/my
2025-05-18 21:11:28 info: GET /api/complaints/my
2025-05-18 21:11:28 info: GET /api/complaints/my
2025-05-18 21:11:29 info: GET /api/complaints/my
2025-05-18 21:11:29 info: GET /api/complaints/my
2025-05-18 21:11:30 info: GET /api/complaints/my
2025-05-18 21:11:30 info: GET /api/complaints/my
2025-05-18 21:11:31 info: GET /api/complaints/my
2025-05-18 21:11:31 info: GET /api/complaints/my
2025-05-18 21:11:32 info: GET /api/complaints/my
2025-05-18 21:11:32 info: GET /api/complaints/my
2025-05-18 21:11:32 info: GET /api/complaints/my
2025-05-18 21:11:33 info: GET /api/complaints/my
2025-05-18 21:11:33 info: GET /api/complaints/my
2025-05-18 21:11:34 info: GET /api/complaints/my
2025-05-18 21:11:34 info: GET /api/complaints/my
2025-05-18 21:11:35 info: GET /api/complaints/my
2025-05-18 21:11:35 info: GET /api/complaints/my
2025-05-18 21:11:36 info: GET /api/complaints/my
2025-05-18 21:11:36 info: GET /api/complaints/my
2025-05-18 21:11:36 info: GET /api/complaints/my
2025-05-18 21:11:37 info: GET /api/complaints/my
2025-05-18 21:11:37 info: GET /api/complaints/my
2025-05-18 21:11:38 info: GET /api/complaints/my
2025-05-18 21:11:38 info: GET /api/complaints/my
2025-05-18 21:11:38 info: GET /api/complaints/my
2025-05-18 21:11:39 info: GET /api/complaints/my
2025-05-18 21:11:39 info: GET /api/complaints/my
2025-05-18 21:11:40 info: GET /api/complaints/my
2025-05-18 21:11:40 info: GET /api/complaints/my
2025-05-18 21:11:40 info: GET /api/complaints/my
2025-05-18 21:11:41 info: GET /api/complaints/my
2025-05-18 21:11:41 info: GET /api/complaints/my
2025-05-18 21:11:42 info: GET /api/complaints/my
2025-05-18 21:11:42 info: GET /api/complaints/my
2025-05-18 21:11:43 info: GET /api/complaints/my
2025-05-18 21:11:43 info: GET /api/complaints/my
2025-05-18 21:11:44 info: GET /api/complaints/my
2025-05-18 21:11:44 info: GET /api/complaints/my
2025-05-18 21:11:44 info: GET /api/complaints/my
2025-05-18 21:11:45 info: GET /api/complaints/my
2025-05-18 21:11:45 info: GET /api/complaints/my
2025-05-18 21:11:45 info: GET /api/complaints/my
2025-05-18 21:11:45 info: GET /api/complaints/my
2025-05-18 21:11:46 info: GET /api/complaints/my
2025-05-18 21:11:46 info: GET /api/complaints/my
2025-05-18 21:11:46 info: GET /api/complaints/my
2025-05-18 21:11:46 info: GET /api/complaints/my
2025-05-18 21:11:47 info: GET /api/complaints/my
